[18:14:46] [ServerMain/INFO]: Environment: authHost='https://authserver.mojang.com', accountsHost='https://api.mojang.com', sessionHost='https://sessionserver.mojang.com', servicesHost='https://api.minecraftservices.com', name='PROD'
[18:14:47] [ServerMain/INFO]: Loaded 7 recipes
[18:14:47] [ServerMain/INFO]: Loaded 1271 advancements
[18:14:48] [Server thread/INFO]: Starting minecraft server version 1.20.1
[18:14:48] [Server thread/INFO]: Loading properties
[18:14:48] [Server thread/INFO]: Default game type: SURVIVAL
[18:14:48] [Server thread/INFO]: Generating keypair
[18:14:48] [Server thread/INFO]: Starting Minecraft server on *:25565
[18:14:48] [Server thread/INFO]: Using epoll channel type
[18:14:48] [Server thread/WARN]: **** SERVER IS RUNNING IN OFFLINE/INSECURE MODE!
[18:14:48] [Server thread/WARN]: The server will make no attempt to authenticate usernames. Beware.
[18:14:48] [Server thread/WARN]: While this makes the game possible to play without internet access, it also opens up the ability for hackers to connect with any username they choose.
[18:14:48] [Server thread/WARN]: To change this, set "online-mode" to "true" in the server.properties file.
[18:14:48] [Server thread/INFO]: Preparing level "world"
[18:14:53] [Server thread/INFO]: Preparing start region for dimension minecraft:overworld
[18:14:54] [Worker-Main-1/INFO]: Preparing spawn area: 0%
[18:14:54] [Worker-Main-1/INFO]: Preparing spawn area: 0%
[18:14:54] [Worker-Main-1/INFO]: Preparing spawn area: 0%
[18:14:55] [Worker-Main-3/INFO]: Preparing spawn area: 0%
[18:14:55] [Worker-Main-1/INFO]: Preparing spawn area: 0%
[18:14:56] [Worker-Main-3/INFO]: Preparing spawn area: 1%
[18:14:56] [Worker-Main-1/INFO]: Preparing spawn area: 1%
[18:14:57] [Worker-Main-2/INFO]: Preparing spawn area: 2%
[18:14:57] [Worker-Main-1/INFO]: Preparing spawn area: 3%
[18:14:58] [Worker-Main-1/INFO]: Preparing spawn area: 4%
[18:14:58] [Worker-Main-1/INFO]: Preparing spawn area: 6%
[18:14:59] [Worker-Main-2/INFO]: Preparing spawn area: 8%
[18:14:59] [Worker-Main-2/INFO]: Preparing spawn area: 10%
[18:15:00] [Worker-Main-1/INFO]: Preparing spawn area: 10%
[18:15:00] [Worker-Main-3/INFO]: Preparing spawn area: 12%
[18:15:01] [Worker-Main-2/INFO]: Preparing spawn area: 14%
[18:15:01] [Worker-Main-1/INFO]: Preparing spawn area: 16%
[18:15:02] [Worker-Main-1/INFO]: Preparing spawn area: 17%
[18:15:02] [Worker-Main-1/INFO]: Preparing spawn area: 20%
[18:15:03] [Worker-Main-2/INFO]: Preparing spawn area: 22%
[18:15:03] [Worker-Main-2/INFO]: Preparing spawn area: 24%
[18:15:04] [Worker-Main-2/INFO]: Preparing spawn area: 25%
[18:15:04] [Worker-Main-3/INFO]: Preparing spawn area: 27%
[18:15:05] [Worker-Main-1/INFO]: Preparing spawn area: 30%
[18:15:05] [Worker-Main-3/INFO]: Preparing spawn area: 32%
[18:15:06] [Worker-Main-3/INFO]: Preparing spawn area: 34%
[18:15:06] [Worker-Main-2/INFO]: Preparing spawn area: 36%
[18:15:07] [Worker-Main-2/INFO]: Preparing spawn area: 38%
[18:15:07] [Worker-Main-3/INFO]: Preparing spawn area: 41%
[18:15:08] [Worker-Main-3/INFO]: Preparing spawn area: 43%
[18:15:08] [Worker-Main-3/INFO]: Preparing spawn area: 45%
[18:15:09] [Worker-Main-1/INFO]: Preparing spawn area: 47%
[18:15:09] [Worker-Main-1/INFO]: Preparing spawn area: 50%
[18:15:10] [Worker-Main-3/INFO]: Preparing spawn area: 54%
[18:15:10] [Worker-Main-2/INFO]: Preparing spawn area: 55%
[18:15:11] [Worker-Main-2/INFO]: Preparing spawn area: 58%
[18:15:11] [Worker-Main-3/INFO]: Preparing spawn area: 60%
[18:15:12] [Worker-Main-3/INFO]: Preparing spawn area: 63%
[18:15:12] [Worker-Main-1/INFO]: Preparing spawn area: 67%
[18:15:13] [Worker-Main-3/INFO]: Preparing spawn area: 69%
[18:15:13] [Worker-Main-3/INFO]: Preparing spawn area: 71%
[18:15:14] [Worker-Main-2/INFO]: Preparing spawn area: 74%
[18:15:14] [Worker-Main-1/INFO]: Preparing spawn area: 78%
[18:15:15] [Worker-Main-1/INFO]: Preparing spawn area: 81%
[18:15:15] [Worker-Main-2/INFO]: Preparing spawn area: 84%
[18:15:16] [Worker-Main-2/INFO]: Preparing spawn area: 86%
[18:15:16] [Worker-Main-1/INFO]: Preparing spawn area: 89%
[18:15:17] [Worker-Main-3/INFO]: Preparing spawn area: 93%
[18:15:17] [Worker-Main-3/INFO]: Preparing spawn area: 97%
[18:15:18] [Server thread/INFO]: Time elapsed: 24301 ms
[18:15:18] [Server thread/INFO]: Done (29.753s)! For help, type "help"
[18:15:18] [Server thread/INFO]: Unknown or incomplete command, see below for error
[18:15:18] [Server thread/INFO]: home/codespace/.python/current/bin/python /workspaces/beepie/msx.py<--[HERE]
[18:16:09] [Server thread/INFO]: blueby87[/127.126.94.66:35847] logged in with entity id 539 at (-186.5, 72.0, -175.5)
[18:16:09] [Server thread/INFO]: blueby87 joined the game
[18:20:55] [Server thread/INFO]: Klade250[/127.95.27.56:46681] logged in with entity id 2023 at (-190.5, 72.0, -176.5)
[18:20:55] [Server thread/INFO]: Klade250 joined the game
[18:21:04] [Server thread/INFO]: [Not Secure] <Klade250> ...
[18:21:14] [Server thread/INFO]: [Not Secure] <blueby87> damn
[18:21:19] [Server thread/INFO]: [Not Secure] <blueby87> ahora
[18:21:23] [Server thread/INFO]: [Not Secure] <blueby87> prueba vanilla
[18:21:26] [Server thread/INFO]: [Not Secure] <blueby87> pero con curseforge
[18:21:33] [Server thread/INFO]: [Not Secure] <Klade250> a ver
[18:21:34] [Server thread/INFO]: Klade250 lost connection: Disconnected
[18:21:34] [Server thread/INFO]: Klade250 left the game
[18:23:43] [Server thread/INFO]: Klade250[/127.95.27.56:43679] logged in with entity id 2977 at (-261.276296258819, 71.0, -148.93346767992733)
[18:23:43] [Server thread/INFO]: Klade250 joined the game
[18:23:46] [Server thread/INFO]: [Not Secure] <blueby87> maldicion
[18:23:53] [Server thread/INFO]: [Not Secure] <Klade250> carajo
[18:24:03] [Server thread/INFO]: [Not Secure] <blueby87> quiza era el codespaces? tenia algun error o algo
[18:24:12] [Server thread/INFO]: [Not Secure] <Klade250> estoy con el forge vanilla.........
[18:24:14] [Server thread/INFO]: [Not Secure] <blueby87> este nuevo talves te deje...?
[18:24:19] [Server thread/INFO]: [Not Secure] <Klade250> por ahora me deja
[18:24:25] [Server thread/INFO]: [Not Secure] <blueby87> deja le pongo forge
[18:24:30] [Server thread/INFO]: [Not Secure] <blueby87> aver que sale
[18:24:31] [Server thread/INFO]: blueby87 lost connection: Disconnected
[18:24:31] [Server thread/INFO]: blueby87 left the game
[18:24:33] [Server thread/INFO]: Klade250 lost connection: Disconnected
[18:24:33] [Server thread/INFO]: Klade250 left the game
